[debug] [2017-11-16T04:59:08.614Z] ----------------------------------------------------------------------
[debug] [2017-11-16T04:59:08.616Z] Command:       /usr/local/bin/node /usr/local/bin/firebase serve
[debug] [2017-11-16T04:59:08.617Z] CLI Version:   3.15.0
[debug] [2017-11-16T04:59:08.617Z] Platform:      darwin
[debug] [2017-11-16T04:59:08.617Z] Node Version:  v8.9.1
[debug] [2017-11-16T04:59:08.617Z] Time:          Wed Nov 15 2017 23:59:08 GMT-0500 (EST)
[debug] [2017-11-16T04:59:08.617Z] ----------------------------------------------------------------------
[debug] 
[debug] [2017-11-16T04:59:08.628Z] > command requires scopes: ["email","openid","https://www.googleapis.com/auth/cloudplatformprojects.readonly","https://www.googleapis.com/auth/firebase","https://www.googleapis.com/auth/cloud-platform"]
[debug] [2017-11-16T04:59:08.628Z] > authorizing via signed-in user
[debug] [2017-11-16T04:59:08.630Z] >>> HTTP REQUEST GET https://admin.firebase.com/v1/projects/sample-friendly-chat-app  
 Wed Nov 15 2017 23:59:08 GMT-0500 (EST)
[debug] [2017-11-16T04:59:08.937Z] <<< HTTP RESPONSE 200
[debug] [2017-11-16T04:59:08.938Z] >>> HTTP REQUEST GET https://admin.firebase.com/v1/database/sample-friendly-chat-app/tokens  
 Wed Nov 15 2017 23:59:08 GMT-0500 (EST)
[debug] [2017-11-16T04:59:09.310Z] <<< HTTP RESPONSE 200
[info] 
[info] === Serving from '/Users/arshitha/Desktop/Sem 1/EC601/Homework2-FriendlyChat-EC601'...
[info] 
[debug] [2017-11-16T04:59:09.313Z] >>> HTTP REQUEST GET https://cloudresourcemanager.googleapis.com/v1/projects/sample-friendly-chat-app  
 Wed Nov 15 2017 23:59:09 GMT-0500 (EST)
[debug] [2017-11-16T04:59:09.693Z] <<< HTTP RESPONSE 200
[debug] [2017-11-16T04:59:09.694Z] >>> HTTP REQUEST GET https://mobilesdk-pa.googleapis.com/v1/projects/543509631901/clients/_:getWebAppConfig  
 Wed Nov 15 2017 23:59:09 GMT-0500 (EST)
[debug] [2017-11-16T04:59:10.168Z] <<< HTTP RESPONSE 200
[warn] ⚠  hosting: Port 5000 is not available. Trying another port...
[debug] [2017-11-16T04:59:10.187Z] >>> HTTP REQUEST GET https://cloudresourcemanager.googleapis.com/v1/projects/sample-friendly-chat-app  
 Wed Nov 15 2017 23:59:10 GMT-0500 (EST)
[debug] [2017-11-16T04:59:10.458Z] <<< HTTP RESPONSE 200
[debug] [2017-11-16T04:59:10.458Z] >>> HTTP REQUEST GET https://mobilesdk-pa.googleapis.com/v1/projects/543509631901/clients/_:getWebAppConfig  
 Wed Nov 15 2017 23:59:10 GMT-0500 (EST)
[debug] [2017-11-16T04:59:11.004Z] <<< HTTP RESPONSE 200
[info] i  hosting: Serving hosting files from: public
[info] ✔  hosting: Local server: http://localhost:5004

